<?xml version="1.0" encoding="UTF-8"?>
<coverage generated="1614277613094" clover="3.2.0">
  <project timestamp="1614277613094" name="All files">
    <metrics statements="60" coveredstatements="47" conditionals="20" coveredconditionals="8" methods="17" coveredmethods="15" elements="97" coveredelements="70" complexity="0" loc="60" ncloc="60" packages="8" files="19" classes="19"/>
    <package name="weather-app-assessment">
      <metrics statements="2" coveredstatements="2" conditionals="0" coveredconditionals="0" methods="1" coveredmethods="1"/>
      <file name="App.js" path="/Users/morokolomatotoka/Projects/react-native-learning/weather-app-assessment/App.js">
        <metrics statements="2" coveredstatements="2" conditionals="0" coveredconditionals="0" methods="1" coveredmethods="1"/>
        <line num="7" count="1" type="stmt"/>
        <line num="10" count="1" type="stmt"/>
      </file>
    </package>
    <package name="weather-app-assessment.api">
      <metrics statements="13" coveredstatements="7" conditionals="2" coveredconditionals="1" methods="3" coveredmethods="2"/>
      <file name="userWeather.js" path="/Users/morokolomatotoka/Projects/react-native-learning/weather-app-assessment/api/userWeather.js">
        <metrics statements="13" coveredstatements="7" conditionals="2" coveredconditionals="1" methods="3" coveredmethods="2"/>
        <line num="7" count="3" type="stmt"/>
        <line num="12" count="3" type="stmt"/>
        <line num="14" count="3" type="stmt"/>
        <line num="16" count="3" type="stmt"/>
        <line num="17" count="1" type="cond" truecount="1" falsecount="1"/>
        <line num="18" count="0" type="stmt"/>
        <line num="22" count="3" type="stmt"/>
        <line num="23" count="0" type="stmt"/>
        <line num="24" count="0" type="stmt"/>
        <line num="25" count="0" type="stmt"/>
        <line num="26" count="0" type="stmt"/>
        <line num="28" count="0" type="stmt"/>
        <line num="32" count="3" type="stmt"/>
      </file>
    </package>
    <package name="weather-app-assessment.assets">
      <metrics statements="3" coveredstatements="3" conditionals="0" coveredconditionals="0" methods="0" coveredmethods="0"/>
      <file name="forest_cloudy.png" path="/Users/morokolomatotoka/Projects/react-native-learning/weather-app-assessment/assets/forest_cloudy.png">
        <metrics statements="1" coveredstatements="1" conditionals="0" coveredconditionals="0" methods="0" coveredmethods="0"/>
        <line num="1" count="3" type="stmt"/>
      </file>
      <file name="forest_rainy.png" path="/Users/morokolomatotoka/Projects/react-native-learning/weather-app-assessment/assets/forest_rainy.png">
        <metrics statements="1" coveredstatements="1" conditionals="0" coveredconditionals="0" methods="0" coveredmethods="0"/>
        <line num="1" count="3" type="stmt"/>
      </file>
      <file name="forest_sunny.png" path="/Users/morokolomatotoka/Projects/react-native-learning/weather-app-assessment/assets/forest_sunny.png">
        <metrics statements="1" coveredstatements="1" conditionals="0" coveredconditionals="0" methods="0" coveredmethods="0"/>
        <line num="1" count="3" type="stmt"/>
      </file>
    </package>
    <package name="weather-app-assessment.assets.icons">
      <metrics statements="3" coveredstatements="3" conditionals="0" coveredconditionals="0" methods="0" coveredmethods="0"/>
      <file name="clear.png" path="/Users/morokolomatotoka/Projects/react-native-learning/weather-app-assessment/assets/icons/clear.png">
        <metrics statements="1" coveredstatements="1" conditionals="0" coveredconditionals="0" methods="0" coveredmethods="0"/>
        <line num="1" count="5" type="stmt"/>
      </file>
      <file name="partlysunny.png" path="/Users/morokolomatotoka/Projects/react-native-learning/weather-app-assessment/assets/icons/partlysunny.png">
        <metrics statements="1" coveredstatements="1" conditionals="0" coveredconditionals="0" methods="0" coveredmethods="0"/>
        <line num="1" count="5" type="stmt"/>
      </file>
      <file name="rain.png" path="/Users/morokolomatotoka/Projects/react-native-learning/weather-app-assessment/assets/icons/rain.png">
        <metrics statements="1" coveredstatements="1" conditionals="0" coveredconditionals="0" methods="0" coveredmethods="0"/>
        <line num="1" count="5" type="stmt"/>
      </file>
    </package>
    <package name="weather-app-assessment.components">
      <metrics statements="18" coveredstatements="18" conditionals="8" coveredconditionals="4" methods="8" coveredmethods="8"/>
      <file name="CurrentWeather.js" path="/Users/morokolomatotoka/Projects/react-native-learning/weather-app-assessment/components/CurrentWeather.js">
        <metrics statements="2" coveredstatements="2" conditionals="2" coveredconditionals="1" methods="1" coveredmethods="1"/>
        <line num="9" count="5" type="stmt"/>
        <line num="39" count="3" type="stmt"/>
      </file>
      <file name="HourlyWeather.js" path="/Users/morokolomatotoka/Projects/react-native-learning/weather-app-assessment/components/HourlyWeather.js">
        <metrics statements="6" coveredstatements="6" conditionals="2" coveredconditionals="1" methods="3" coveredmethods="3"/>
        <line num="7" count="6" type="stmt"/>
        <line num="12" count="6" type="stmt"/>
        <line num="14" count="6" type="stmt"/>
        <line num="15" count="6" type="stmt"/>
        <line num="16" count="6" type="stmt"/>
        <line num="37" count="4" type="stmt"/>
      </file>
      <file name="Loader.js" path="/Users/morokolomatotoka/Projects/react-native-learning/weather-app-assessment/components/Loader.js">
        <metrics statements="2" coveredstatements="2" conditionals="2" coveredconditionals="1" methods="1" coveredmethods="1"/>
        <line num="11" count="3" type="stmt"/>
        <line num="18" count="3" type="stmt"/>
      </file>
      <file name="WeeklyWeather.js" path="/Users/morokolomatotoka/Projects/react-native-learning/weather-app-assessment/components/WeeklyWeather.js">
        <metrics statements="8" coveredstatements="8" conditionals="2" coveredconditionals="1" methods="3" coveredmethods="3"/>
        <line num="8" count="1" type="stmt"/>
        <line num="11" count="1" type="stmt"/>
        <line num="12" count="1" type="stmt"/>
        <line num="35" count="1" type="stmt"/>
        <line num="36" count="1" type="stmt"/>
        <line num="37" count="1" type="stmt"/>
        <line num="41" count="1" type="stmt"/>
        <line num="72" count="3" type="stmt"/>
      </file>
    </package>
    <package name="weather-app-assessment.constants">
      <metrics statements="2" coveredstatements="2" conditionals="0" coveredconditionals="0" methods="0" coveredmethods="0"/>
      <file name="colors.js" path="/Users/morokolomatotoka/Projects/react-native-learning/weather-app-assessment/constants/colors.js">
        <metrics statements="0" coveredstatements="0" conditionals="0" coveredconditionals="0" methods="0" coveredmethods="0"/>
      </file>
      <file name="constants.js" path="/Users/morokolomatotoka/Projects/react-native-learning/weather-app-assessment/constants/constants.js">
        <metrics statements="2" coveredstatements="2" conditionals="0" coveredconditionals="0" methods="0" coveredmethods="0"/>
        <line num="2" count="3" type="stmt"/>
        <line num="3" count="3" type="stmt"/>
      </file>
    </package>
    <package name="weather-app-assessment.screens">
      <metrics statements="8" coveredstatements="5" conditionals="6" coveredconditionals="2" methods="2" coveredmethods="1"/>
      <file name="WeatherForecast.js" path="/Users/morokolomatotoka/Projects/react-native-learning/weather-app-assessment/screens/WeatherForecast.js">
        <metrics statements="8" coveredstatements="5" conditionals="6" coveredconditionals="2" methods="2" coveredmethods="1"/>
        <line num="19" count="2" type="stmt"/>
        <line num="20" count="2" type="stmt"/>
        <line num="22" count="2" type="cond" truecount="1" falsecount="1"/>
        <line num="23" count="2" type="stmt"/>
        <line num="25" count="0" type="stmt"/>
        <line num="26" count="0" type="stmt"/>
        <line num="33" count="0" type="stmt"/>
        <line num="59" count="2" type="stmt"/>
      </file>
    </package>
    <package name="weather-app-assessment.utils">
      <metrics statements="11" coveredstatements="7" conditionals="4" coveredconditionals="1" methods="3" coveredmethods="3"/>
      <file name="bgColorDictionary.js" path="/Users/morokolomatotoka/Projects/react-native-learning/weather-app-assessment/utils/bgColorDictionary.js">
        <metrics statements="0" coveredstatements="0" conditionals="0" coveredconditionals="0" methods="0" coveredmethods="0"/>
      </file>
      <file name="bgImageDictionary.js" path="/Users/morokolomatotoka/Projects/react-native-learning/weather-app-assessment/utils/bgImageDictionary.js">
        <metrics statements="0" coveredstatements="0" conditionals="0" coveredconditionals="0" methods="0" coveredmethods="0"/>
      </file>
      <file name="iconDictionary.js" path="/Users/morokolomatotoka/Projects/react-native-learning/weather-app-assessment/utils/iconDictionary.js">
        <metrics statements="0" coveredstatements="0" conditionals="0" coveredconditionals="0" methods="0" coveredmethods="0"/>
      </file>
      <file name="userGeoLocation.js" path="/Users/morokolomatotoka/Projects/react-native-learning/weather-app-assessment/utils/userGeoLocation.js">
        <metrics statements="11" coveredstatements="7" conditionals="4" coveredconditionals="1" methods="3" coveredmethods="3"/>
        <line num="6" count="4" type="stmt"/>
        <line num="8" count="4" type="stmt"/>
        <line num="9" count="2" type="cond" truecount="1" falsecount="1"/>
        <line num="10" count="2" type="stmt"/>
        <line num="14" count="4" type="stmt"/>
        <line num="15" count="2" type="stmt"/>
        <line num="16" count="0" type="cond" truecount="0" falsecount="2"/>
        <line num="17" count="0" type="stmt"/>
        <line num="20" count="0" type="stmt"/>
        <line num="24" count="0" type="stmt"/>
        <line num="26" count="4" type="stmt"/>
      </file>
    </package>
  </project>
</coverage>
