{"/Users/morokolomatotoka/Projects/react-native-learning/weather-app-assessment/App.js": {"path":"/Users/morokolomatotoka/Projects/react-native-learning/weather-app-assessment/App.js","statementMap":{"0":{"start":{"line":7,"column":2},"end":{"line":7,"column":29}},"1":{"start":{"line":10,"column":15},"end":{"line":10,"column":36}}},"fnMap":{"0":{"name":"App","decl":{"start":{"line":6,"column":24},"end":{"line":6,"column":27}},"loc":{"start":{"line":6,"column":30},"end":{"line":8,"column":1}},"line":6}},"branchMap":{},"s":{"0":1,"1":1},"f":{"0":1},"b":{},"_coverageSchema":"1a1c01bbd47fc00a2c39e90264f33305004495a9","hash":"a8224e8443a9708b2f07f678cf5f8ccd022d3d14"}
,"/Users/morokolomatotoka/Projects/react-native-learning/weather-app-assessment/api/userWeather.js": {"path":"/Users/morokolomatotoka/Projects/react-native-learning/weather-app-assessment/api/userWeather.js","statementMap":{"0":{"start":{"line":7,"column":19},"end":{"line":9,"column":2}},"1":{"start":{"line":12,"column":32},"end":{"line":12,"column":46}},"2":{"start":{"line":14,"column":22},"end":{"line":14,"column":39}},"3":{"start":{"line":16,"column":2},"end":{"line":20,"column":20}},"4":{"start":{"line":17,"column":4},"end":{"line":19,"column":5}},"5":{"start":{"line":18,"column":6},"end":{"line":18,"column":31}},"6":{"start":{"line":22,"column":19},"end":{"line":30,"column":3}},"7":{"start":{"line":23,"column":4},"end":{"line":29,"column":5}},"8":{"start":{"line":24,"column":23},"end":{"line":24,"column":105}},"9":{"start":{"line":25,"column":18},"end":{"line":25,"column":48}},"10":{"start":{"line":26,"column":6},"end":{"line":26,"column":27}},"11":{"start":{"line":28,"column":6},"end":{"line":28,"column":68}},"12":{"start":{"line":32,"column":2},"end":{"line":32,"column":17}}},"fnMap":{"0":{"name":"userWeather","decl":{"start":{"line":11,"column":24},"end":{"line":11,"column":35}},"loc":{"start":{"line":11,"column":38},"end":{"line":33,"column":1}},"line":11},"1":{"name":"(anonymous_1)","decl":{"start":{"line":16,"column":12},"end":{"line":16,"column":13}},"loc":{"start":{"line":16,"column":18},"end":{"line":20,"column":3}},"line":16},"2":{"name":"(anonymous_2)","decl":{"start":{"line":22,"column":19},"end":{"line":22,"column":20}},"loc":{"start":{"line":22,"column":39},"end":{"line":30,"column":3}},"line":22}},"branchMap":{"0":{"loc":{"start":{"line":17,"column":4},"end":{"line":19,"column":5}},"type":"if","locations":[{"start":{"line":17,"column":4},"end":{"line":19,"column":5}},{"start":{"line":17,"column":4},"end":{"line":19,"column":5}}],"line":17}},"s":{"0":3,"1":3,"2":3,"3":3,"4":1,"5":0,"6":3,"7":0,"8":0,"9":0,"10":0,"11":0,"12":3},"f":{"0":3,"1":1,"2":0},"b":{"0":[0,1]},"_coverageSchema":"1a1c01bbd47fc00a2c39e90264f33305004495a9","hash":"667f93dd467b5782c4a4b5f371bf7b8755ca25c5"}
,"/Users/morokolomatotoka/Projects/react-native-learning/weather-app-assessment/assets/forest_cloudy.png": {"path":"/Users/morokolomatotoka/Projects/react-native-learning/weather-app-assessment/assets/forest_cloudy.png","statementMap":{"0":{"start":{"line":1,"column":0},"end":{"line":1,"column":19}}},"fnMap":{},"branchMap":{},"s":{"0":3},"f":{},"b":{},"inputSourceMap":null,"_coverageSchema":"1a1c01bbd47fc00a2c39e90264f33305004495a9","hash":"39fe256d5447ffdc7e539a5c6bf7bebfe1a66987"}
,"/Users/morokolomatotoka/Projects/react-native-learning/weather-app-assessment/assets/forest_rainy.png": {"path":"/Users/morokolomatotoka/Projects/react-native-learning/weather-app-assessment/assets/forest_rainy.png","statementMap":{"0":{"start":{"line":1,"column":0},"end":{"line":1,"column":19}}},"fnMap":{},"branchMap":{},"s":{"0":3},"f":{},"b":{},"inputSourceMap":null,"_coverageSchema":"1a1c01bbd47fc00a2c39e90264f33305004495a9","hash":"45ae8010c33be0f436da8daaff5706f58fd46c6e"}
,"/Users/morokolomatotoka/Projects/react-native-learning/weather-app-assessment/assets/forest_sunny.png": {"path":"/Users/morokolomatotoka/Projects/react-native-learning/weather-app-assessment/assets/forest_sunny.png","statementMap":{"0":{"start":{"line":1,"column":0},"end":{"line":1,"column":19}}},"fnMap":{},"branchMap":{},"s":{"0":3},"f":{},"b":{},"inputSourceMap":null,"_coverageSchema":"1a1c01bbd47fc00a2c39e90264f33305004495a9","hash":"c6844561b932c76383076a5ea6290d5e037942f9"}
,"/Users/morokolomatotoka/Projects/react-native-learning/weather-app-assessment/assets/icons/clear.png": {"path":"/Users/morokolomatotoka/Projects/react-native-learning/weather-app-assessment/assets/icons/clear.png","statementMap":{"0":{"start":{"line":1,"column":0},"end":{"line":1,"column":19}}},"fnMap":{},"branchMap":{},"s":{"0":5},"f":{},"b":{},"inputSourceMap":null,"_coverageSchema":"1a1c01bbd47fc00a2c39e90264f33305004495a9","hash":"1f6a88ab74c573f97e7495796dce45dab442496f"}
,"/Users/morokolomatotoka/Projects/react-native-learning/weather-app-assessment/assets/icons/partlysunny.png": {"path":"/Users/morokolomatotoka/Projects/react-native-learning/weather-app-assessment/assets/icons/partlysunny.png","statementMap":{"0":{"start":{"line":1,"column":0},"end":{"line":1,"column":19}}},"fnMap":{},"branchMap":{},"s":{"0":5},"f":{},"b":{},"inputSourceMap":null,"_coverageSchema":"1a1c01bbd47fc00a2c39e90264f33305004495a9","hash":"b5f305a356e2b191f2ee058f4b8c1b2400adb87a"}
,"/Users/morokolomatotoka/Projects/react-native-learning/weather-app-assessment/assets/icons/rain.png": {"path":"/Users/morokolomatotoka/Projects/react-native-learning/weather-app-assessment/assets/icons/rain.png","statementMap":{"0":{"start":{"line":1,"column":0},"end":{"line":1,"column":19}}},"fnMap":{},"branchMap":{},"s":{"0":5},"f":{},"b":{},"inputSourceMap":null,"_coverageSchema":"1a1c01bbd47fc00a2c39e90264f33305004495a9","hash":"9ecd7682bd7edfb694c26f3c43354aa414e1f129"}
,"/Users/morokolomatotoka/Projects/react-native-learning/weather-app-assessment/components/CurrentWeather.js": {"path":"/Users/morokolomatotoka/Projects/react-native-learning/weather-app-assessment/components/CurrentWeather.js","statementMap":{"0":{"start":{"line":9,"column":2},"end":{"line":36,"column":4}},"1":{"start":{"line":39,"column":15},"end":{"line":60,"column":2}}},"fnMap":{"0":{"name":"CurrentWeather","decl":{"start":{"line":8,"column":24},"end":{"line":8,"column":38}},"loc":{"start":{"line":8,"column":62},"end":{"line":37,"column":1}},"line":8}},"branchMap":{"0":{"loc":{"start":{"line":30,"column":18},"end":{"line":30,"column":71}},"type":"binary-expr","locations":[{"start":{"line":30,"column":18},"end":{"line":30,"column":46}},{"start":{"line":30,"column":50},"end":{"line":30,"column":71}}],"line":30}},"s":{"0":5,"1":3},"f":{"0":5},"b":{"0":[5,0]},"_coverageSchema":"1a1c01bbd47fc00a2c39e90264f33305004495a9","hash":"5e5200a7487ea28c26354c767499dd816ce362e3"}
,"/Users/morokolomatotoka/Projects/react-native-learning/weather-app-assessment/components/HourlyWeather.js": {"path":"/Users/morokolomatotoka/Projects/react-native-learning/weather-app-assessment/components/HourlyWeather.js","statementMap":{"0":{"start":{"line":7,"column":2},"end":{"line":34,"column":4}},"1":{"start":{"line":12,"column":39},"end":{"line":12,"column":55}},"2":{"start":{"line":14,"column":26},"end":{"line":14,"column":46}},"3":{"start":{"line":15,"column":19},"end":{"line":15,"column":48}},"4":{"start":{"line":16,"column":10},"end":{"line":30,"column":12}},"5":{"start":{"line":37,"column":15},"end":{"line":58,"column":2}}},"fnMap":{"0":{"name":"HourlyWeather","decl":{"start":{"line":6,"column":24},"end":{"line":6,"column":37}},"loc":{"start":{"line":6,"column":52},"end":{"line":35,"column":1}},"line":6},"1":{"name":"(anonymous_1)","decl":{"start":{"line":12,"column":22},"end":{"line":12,"column":23}},"loc":{"start":{"line":12,"column":39},"end":{"line":12,"column":55}},"line":12},"2":{"name":"(anonymous_2)","decl":{"start":{"line":13,"column":20},"end":{"line":13,"column":21}},"loc":{"start":{"line":13,"column":30},"end":{"line":31,"column":9}},"line":13}},"branchMap":{"0":{"loc":{"start":{"line":26,"column":24},"end":{"line":26,"column":77}},"type":"binary-expr","locations":[{"start":{"line":26,"column":24},"end":{"line":26,"column":52}},{"start":{"line":26,"column":56},"end":{"line":26,"column":77}}],"line":26}},"s":{"0":6,"1":6,"2":6,"3":6,"4":6,"5":4},"f":{"0":6,"1":6,"2":6},"b":{"0":[6,0]},"_coverageSchema":"1a1c01bbd47fc00a2c39e90264f33305004495a9","hash":"4ab07593a746df7d0ccc5b56c6f7ca15f91308da"}
,"/Users/morokolomatotoka/Projects/react-native-learning/weather-app-assessment/components/Loader.js": {"path":"/Users/morokolomatotoka/Projects/react-native-learning/weather-app-assessment/components/Loader.js","statementMap":{"0":{"start":{"line":11,"column":2},"end":{"line":15,"column":4}},"1":{"start":{"line":18,"column":15},"end":{"line":26,"column":2}}},"fnMap":{"0":{"name":"Loader","decl":{"start":{"line":10,"column":24},"end":{"line":10,"column":30}},"loc":{"start":{"line":10,"column":33},"end":{"line":16,"column":1}},"line":10}},"branchMap":{"0":{"loc":{"start":{"line":24,"column":16},"end":{"line":24,"column":71}},"type":"cond-expr","locations":[{"start":{"line":24,"column":44},"end":{"line":24,"column":67}},{"start":{"line":24,"column":70},"end":{"line":24,"column":71}}],"line":24}},"s":{"0":3,"1":3},"f":{"0":3},"b":{"0":[0,3]},"_coverageSchema":"1a1c01bbd47fc00a2c39e90264f33305004495a9","hash":"9f1f941ca55e31e653d2b45667d1390d5f0e4e41"}
,"/Users/morokolomatotoka/Projects/react-native-learning/weather-app-assessment/components/WeeklyWeather.js": {"path":"/Users/morokolomatotoka/Projects/react-native-learning/weather-app-assessment/components/WeeklyWeather.js","statementMap":{"0":{"start":{"line":8,"column":2},"end":{"line":69,"column":4}},"1":{"start":{"line":11,"column":27},"end":{"line":11,"column":45}},"2":{"start":{"line":12,"column":8},"end":{"line":31,"column":10}},"3":{"start":{"line":35,"column":24},"end":{"line":35,"column":46}},"4":{"start":{"line":36,"column":17},"end":{"line":36,"column":48}},"5":{"start":{"line":37,"column":22},"end":{"line":39,"column":9}},"6":{"start":{"line":41,"column":8},"end":{"line":66,"column":10}},"7":{"start":{"line":72,"column":15},"end":{"line":156,"column":2}}},"fnMap":{"0":{"name":"WeeklyWeather","decl":{"start":{"line":7,"column":24},"end":{"line":7,"column":37}},"loc":{"start":{"line":7,"column":52},"end":{"line":70,"column":1}},"line":7},"1":{"name":"(anonymous_1)","decl":{"start":{"line":10,"column":38},"end":{"line":10,"column":39}},"loc":{"start":{"line":10,"column":64},"end":{"line":32,"column":7}},"line":10},"2":{"name":"(anonymous_2)","decl":{"start":{"line":34,"column":38},"end":{"line":34,"column":39}},"loc":{"start":{"line":34,"column":62},"end":{"line":67,"column":7}},"line":34}},"branchMap":{"0":{"loc":{"start":{"line":57,"column":24},"end":{"line":57,"column":77}},"type":"binary-expr","locations":[{"start":{"line":57,"column":24},"end":{"line":57,"column":52}},{"start":{"line":57,"column":56},"end":{"line":57,"column":77}}],"line":57}},"s":{"0":1,"1":1,"2":1,"3":1,"4":1,"5":1,"6":1,"7":3},"f":{"0":1,"1":1,"2":1},"b":{"0":[1,0]},"_coverageSchema":"1a1c01bbd47fc00a2c39e90264f33305004495a9","hash":"93d12c80f96cc5837c5d81599802a6eb19e2a776"}
,"/Users/morokolomatotoka/Projects/react-native-learning/weather-app-assessment/constants/colors.js": {"path":"/Users/morokolomatotoka/Projects/react-native-learning/weather-app-assessment/constants/colors.js","statementMap":{},"fnMap":{},"branchMap":{},"s":{},"f":{},"b":{},"_coverageSchema":"1a1c01bbd47fc00a2c39e90264f33305004495a9","hash":"410d49a8dbdd6b912a589030ba96ec67500d1ff1"}
,"/Users/morokolomatotoka/Projects/react-native-learning/weather-app-assessment/constants/constants.js": {"path":"/Users/morokolomatotoka/Projects/react-native-learning/weather-app-assessment/constants/constants.js","statementMap":{"0":{"start":{"line":2,"column":2},"end":{"line":2,"column":82}},"1":{"start":{"line":3,"column":25},"end":{"line":3,"column":59}}},"fnMap":{},"branchMap":{},"s":{"0":3,"1":3},"f":{},"b":{},"_coverageSchema":"1a1c01bbd47fc00a2c39e90264f33305004495a9","hash":"6a0220a6258e76e28e7c150a5afc36779f151f19"}
,"/Users/morokolomatotoka/Projects/react-native-learning/weather-app-assessment/screens/WeatherForecast.js": {"path":"/Users/morokolomatotoka/Projects/react-native-learning/weather-app-assessment/screens/WeatherForecast.js","statementMap":{"0":{"start":{"line":19,"column":38},"end":{"line":19,"column":53}},"1":{"start":{"line":20,"column":19},"end":{"line":20,"column":32}},"2":{"start":{"line":22,"column":2},"end":{"line":24,"column":3}},"3":{"start":{"line":23,"column":4},"end":{"line":23,"column":22}},"4":{"start":{"line":25,"column":18},"end":{"line":25,"column":45}},"5":{"start":{"line":26,"column":2},"end":{"line":56,"column":4}},"6":{"start":{"line":33,"column":14},"end":{"line":33,"column":76}},"7":{"start":{"line":59,"column":15},"end":{"line":77,"column":2}}},"fnMap":{"0":{"name":"WeatherForecast","decl":{"start":{"line":18,"column":24},"end":{"line":18,"column":39}},"loc":{"start":{"line":18,"column":42},"end":{"line":57,"column":1}},"line":18},"1":{"name":"(anonymous_1)","decl":{"start":{"line":32,"column":23},"end":{"line":32,"column":24}},"loc":{"start":{"line":33,"column":14},"end":{"line":33,"column":76}},"line":33}},"branchMap":{"0":{"loc":{"start":{"line":22,"column":2},"end":{"line":24,"column":3}},"type":"if","locations":[{"start":{"line":22,"column":2},"end":{"line":24,"column":3}},{"start":{"line":22,"column":2},"end":{"line":24,"column":3}}],"line":22},"1":{"loc":{"start":{"line":48,"column":16},"end":{"line":48,"column":72}},"type":"binary-expr","locations":[{"start":{"line":48,"column":16},"end":{"line":48,"column":47}},{"start":{"line":48,"column":51},"end":{"line":48,"column":72}}],"line":48},"2":{"loc":{"start":{"line":71,"column":16},"end":{"line":71,"column":71}},"type":"cond-expr","locations":[{"start":{"line":71,"column":44},"end":{"line":71,"column":67}},{"start":{"line":71,"column":70},"end":{"line":71,"column":71}}],"line":71}},"s":{"0":2,"1":2,"2":2,"3":2,"4":0,"5":0,"6":0,"7":2},"f":{"0":2,"1":0},"b":{"0":[2,0],"1":[0,0],"2":[0,2]},"_coverageSchema":"1a1c01bbd47fc00a2c39e90264f33305004495a9","hash":"a937045b02c9f425d9ea8d8a327143628a261ad4"}
,"/Users/morokolomatotoka/Projects/react-native-learning/weather-app-assessment/utils/bgColorDictionary.js": {"path":"/Users/morokolomatotoka/Projects/react-native-learning/weather-app-assessment/utils/bgColorDictionary.js","statementMap":{},"fnMap":{},"branchMap":{},"s":{},"f":{},"b":{},"_coverageSchema":"1a1c01bbd47fc00a2c39e90264f33305004495a9","hash":"af29089fffbd49af852f4b2ba860fc82d9bc85cc"}
,"/Users/morokolomatotoka/Projects/react-native-learning/weather-app-assessment/utils/bgImageDictionary.js": {"path":"/Users/morokolomatotoka/Projects/react-native-learning/weather-app-assessment/utils/bgImageDictionary.js","statementMap":{},"fnMap":{},"branchMap":{},"s":{},"f":{},"b":{},"_coverageSchema":"1a1c01bbd47fc00a2c39e90264f33305004495a9","hash":"3af014450db91d12560ccac7ad055d4f77487a79"}
,"/Users/morokolomatotoka/Projects/react-native-learning/weather-app-assessment/utils/iconDictionary.js": {"path":"/Users/morokolomatotoka/Projects/react-native-learning/weather-app-assessment/utils/iconDictionary.js","statementMap":{},"fnMap":{},"branchMap":{},"s":{},"f":{},"b":{},"_coverageSchema":"1a1c01bbd47fc00a2c39e90264f33305004495a9","hash":"b4740bd905422f36989ad838ca8c1b74cf13ac88"}
,"/Users/morokolomatotoka/Projects/react-native-learning/weather-app-assessment/utils/userGeoLocation.js": {"path":"/Users/morokolomatotoka/Projects/react-native-learning/weather-app-assessment/utils/userGeoLocation.js","statementMap":{"0":{"start":{"line":6,"column":34},"end":{"line":6,"column":48}},"1":{"start":{"line":8,"column":2},"end":{"line":12,"column":9}},"2":{"start":{"line":9,"column":4},"end":{"line":11,"column":5}},"3":{"start":{"line":10,"column":6},"end":{"line":10,"column":24}},"4":{"start":{"line":14,"column":26},"end":{"line":25,"column":3}},"5":{"start":{"line":15,"column":23},"end":{"line":15,"column":63}},"6":{"start":{"line":16,"column":4},"end":{"line":18,"column":5}},"7":{"start":{"line":17,"column":6},"end":{"line":17,"column":62}},"8":{"start":{"line":20,"column":19},"end":{"line":22,"column":6}},"9":{"start":{"line":24,"column":4},"end":{"line":24,"column":70}},"10":{"start":{"line":26,"column":2},"end":{"line":26,"column":18}}},"fnMap":{"0":{"name":"userGeoLocation","decl":{"start":{"line":5,"column":24},"end":{"line":5,"column":39}},"loc":{"start":{"line":5,"column":42},"end":{"line":27,"column":1}},"line":5},"1":{"name":"(anonymous_1)","decl":{"start":{"line":8,"column":12},"end":{"line":8,"column":13}},"loc":{"start":{"line":8,"column":18},"end":{"line":12,"column":3}},"line":8},"2":{"name":"(anonymous_2)","decl":{"start":{"line":14,"column":26},"end":{"line":14,"column":27}},"loc":{"start":{"line":14,"column":38},"end":{"line":25,"column":3}},"line":14}},"branchMap":{"0":{"loc":{"start":{"line":9,"column":4},"end":{"line":11,"column":5}},"type":"if","locations":[{"start":{"line":9,"column":4},"end":{"line":11,"column":5}},{"start":{"line":9,"column":4},"end":{"line":11,"column":5}}],"line":9},"1":{"loc":{"start":{"line":16,"column":4},"end":{"line":18,"column":5}},"type":"if","locations":[{"start":{"line":16,"column":4},"end":{"line":18,"column":5}},{"start":{"line":16,"column":4},"end":{"line":18,"column":5}}],"line":16}},"s":{"0":4,"1":4,"2":2,"3":2,"4":4,"5":2,"6":0,"7":0,"8":0,"9":0,"10":4},"f":{"0":4,"1":2,"2":2},"b":{"0":[2,0],"1":[0,0]},"_coverageSchema":"1a1c01bbd47fc00a2c39e90264f33305004495a9","hash":"046e363c3fc560e1764f68db79b45d9182e26a81"}
}
