TN:
SF:App.js
FN:6,App
FNF:1
FNH:1
FNDA:1,App
DA:7,1
DA:10,1
LF:2
LH:2
BRF:0
BRH:0
end_of_record
TN:
SF:api/userWeather.js
FN:11,userWeather
FN:16,(anonymous_1)
FN:22,(anonymous_2)
FNF:3
FNH:2
FNDA:3,userWeather
FNDA:1,(anonymous_1)
FNDA:0,(anonymous_2)
DA:7,3
DA:12,3
DA:14,3
DA:16,3
DA:17,1
DA:18,0
DA:22,3
DA:23,0
DA:24,0
DA:25,0
DA:26,0
DA:28,0
DA:32,3
LF:13
LH:7
BRDA:17,0,0,0
BRDA:17,0,1,1
BRF:2
BRH:1
end_of_record
TN:
SF:assets/forest_cloudy.png
FNF:0
FNH:0
DA:1,3
LF:1
LH:1
BRF:0
BRH:0
end_of_record
TN:
SF:assets/forest_rainy.png
FNF:0
FNH:0
DA:1,3
LF:1
LH:1
BRF:0
BRH:0
end_of_record
TN:
SF:assets/forest_sunny.png
FNF:0
FNH:0
DA:1,3
LF:1
LH:1
BRF:0
BRH:0
end_of_record
TN:
SF:assets/icons/clear.png
FNF:0
FNH:0
DA:1,5
LF:1
LH:1
BRF:0
BRH:0
end_of_record
TN:
SF:assets/icons/partlysunny.png
FNF:0
FNH:0
DA:1,5
LF:1
LH:1
BRF:0
BRH:0
end_of_record
TN:
SF:assets/icons/rain.png
FNF:0
FNH:0
DA:1,5
LF:1
LH:1
BRF:0
BRH:0
end_of_record
TN:
SF:components/CurrentWeather.js
FN:8,CurrentWeather
FNF:1
FNH:1
FNDA:5,CurrentWeather
DA:9,5
DA:39,3
LF:2
LH:2
BRDA:30,0,0,5
BRDA:30,0,1,0
BRF:2
BRH:1
end_of_record
TN:
SF:components/HourlyWeather.js
FN:6,HourlyWeather
FN:12,(anonymous_1)
FN:13,(anonymous_2)
FNF:3
FNH:3
FNDA:6,HourlyWeather
FNDA:6,(anonymous_1)
FNDA:6,(anonymous_2)
DA:7,6
DA:12,6
DA:14,6
DA:15,6
DA:16,6
DA:37,4
LF:6
LH:6
BRDA:26,0,0,6
BRDA:26,0,1,0
BRF:2
BRH:1
end_of_record
TN:
SF:components/Loader.js
FN:10,Loader
FNF:1
FNH:1
FNDA:3,Loader
DA:11,3
DA:18,3
LF:2
LH:2
BRDA:24,0,0,0
BRDA:24,0,1,3
BRF:2
BRH:1
end_of_record
TN:
SF:components/WeeklyWeather.js
FN:7,WeeklyWeather
FN:10,(anonymous_1)
FN:34,(anonymous_2)
FNF:3
FNH:3
FNDA:1,WeeklyWeather
FNDA:1,(anonymous_1)
FNDA:1,(anonymous_2)
DA:8,1
DA:11,1
DA:12,1
DA:35,1
DA:36,1
DA:37,1
DA:41,1
DA:72,3
LF:8
LH:8
BRDA:57,0,0,1
BRDA:57,0,1,0
BRF:2
BRH:1
end_of_record
TN:
SF:constants/colors.js
FNF:0
FNH:0
LF:0
LH:0
BRF:0
BRH:0
end_of_record
TN:
SF:constants/constants.js
FNF:0
FNH:0
DA:2,3
DA:3,3
LF:2
LH:2
BRF:0
BRH:0
end_of_record
TN:
SF:screens/WeatherForecast.js
FN:18,WeatherForecast
FN:32,(anonymous_1)
FNF:2
FNH:1
FNDA:2,WeatherForecast
FNDA:0,(anonymous_1)
DA:19,2
DA:20,2
DA:22,2
DA:23,2
DA:25,0
DA:26,0
DA:33,0
DA:59,2
LF:8
LH:5
BRDA:22,0,0,2
BRDA:22,0,1,0
BRDA:48,1,0,0
BRDA:48,1,1,0
BRDA:71,2,0,0
BRDA:71,2,1,2
BRF:6
BRH:2
end_of_record
TN:
SF:utils/bgColorDictionary.js
FNF:0
FNH:0
LF:0
LH:0
BRF:0
BRH:0
end_of_record
TN:
SF:utils/bgImageDictionary.js
FNF:0
FNH:0
LF:0
LH:0
BRF:0
BRH:0
end_of_record
TN:
SF:utils/iconDictionary.js
FNF:0
FNH:0
LF:0
LH:0
BRF:0
BRH:0
end_of_record
TN:
SF:utils/userGeoLocation.js
FN:5,userGeoLocation
FN:8,(anonymous_1)
FN:14,(anonymous_2)
FNF:3
FNH:3
FNDA:4,userGeoLocation
FNDA:2,(anonymous_1)
FNDA:2,(anonymous_2)
DA:6,4
DA:8,4
DA:9,2
DA:10,2
DA:14,4
DA:15,2
DA:16,0
DA:17,0
DA:20,0
DA:24,0
DA:26,4
LF:11
LH:7
BRDA:9,0,0,2
BRDA:9,0,1,0
BRDA:16,1,0,0
BRDA:16,1,1,0
BRF:4
BRH:1
end_of_record
